02:04 - fetching https://www.kariera.gr/en/jobs/procurement-or-supply-chain-jobs/225171?sponsored
02:04 - fetching https://www.kariera.gr/en/jobs/marketing-or-advertising-jobs/222723?sponsored
02:04 - fetching https://www.kariera.gr/en/jobs/marketing-or-advertising-jobs/224957?sponsored
02:04 - fetching https://www.kariera.gr/en/jobs/finance-jobs/219937?sponsored=&origin=pjp
02:04 - fetching https://www.kariera.gr/en/jobs/other-jobs/220709
02:04 - fetching https://www.kariera.gr/en/jobs/it-jobs/226263?origin=pjp
02:04 - fetching https://www.kariera.gr/en/jobs/other-jobs/226257?origin=pjp
02:04 - fetching https://www.kariera.gr/en/jobs/administrative-or-secretarial-jobs/226438
02:04 - fetching https://www.kariera.gr/en/jobs/finance-jobs/226248
02:04 - fetching https://www.kariera.gr/en/jobs/marketing-or-advertising-jobs/224957
02:04 - fetching https://www.kariera.gr/en/jobs/it-jobs/225950?origin=pjp
02:04 - fetching https://www.kariera.gr/en/jobs/other-jobs/220906
02:04 - fetching https://www.kariera.gr/en/jobs/it-jobs/163027
02:04 - fetching https://www.kariera.gr/en/jobs/operations-jobs/221892
02:04 - fetching https://www.kariera.gr/en/jobs/accounting-or-auditing-jobs/224013?origin=pjp
02:04 - fetching https://www.kariera.gr/en/jobs/administrative-or-secretarial-jobs/223670
02:04 - fetching https://www.kariera.gr/en/jobs/bi-or-business-analysis-jobs/225914
02:04 - fetching https://www.kariera.gr/en/jobs/it-jobs/223590
02:04 - fetching https://www.kariera.gr/en/jobs/bi-or-business-analysis-jobs/222653
02:05 - fetching https://www.kariera.gr/en/jobs/finance-jobs/221527
02:05 - fetching https://www.kariera.gr/en/jobs/call-center-or-customer-support-jobs/221524
02:05 - fetching https://www.kariera.gr/en/jobs/it-jobs/170943?origin=pjp
02:05 - fetching https://www.kariera.gr/en/jobs/it-jobs/171192?origin=pjp
02:05 - fetching https://www.kariera.gr/en/jobs/bi-or-business-analysis-jobs/223605?origin=pjp
02:05 - fetching https://www.kariera.gr/en/jobs/call-center-or-customer-support-jobs/225488
02:05 - fetching https://www.kariera.gr/en/jobs/marketing-or-advertising-jobs/222723
02:05 - fetching https://www.kariera.gr/en/jobs/construction-or-engineers-or-architects-jobs/222436
02:05 - fetching https://www.kariera.gr/en/jobs/medicine-or-healthcare-jobs/226540
02:05 - fetching https://www.kariera.gr/en/jobs/accounting-or-auditing-jobs/225668
02:05 - fetching https://www.kariera.gr/en/jobs/marketing-or-advertising-jobs/224929
02:05 - fetching https://www.kariera.gr/en/jobs/logistics-or-warehouse-jobs/220685
02:05 - fetching https://www.kariera.gr/en/jobs/sales-or-business-development-or-account-management-jobs/223769?origin=pjp
02:05 - fetching https://www.kariera.gr/en/jobs/engineering-jobs/220702
02:05 - fetching https://www.kariera.gr/en/jobs/construction-or-engineers-or-architects-jobs/223221
02:05 - fetching https://www.kariera.gr/en/jobs/it-jobs/221541
02:05 - fetching https://www.kariera.gr/en/jobs/accounting-or-auditing-jobs/220194
02:05 - fetching https://www.kariera.gr/en/jobs/accounting-or-auditing-jobs/226528
02:05 - fetching https://www.kariera.gr/en/jobs/other-jobs/223338
02:05 - fetching https://www.kariera.gr/en/jobs/administrative-or-secretarial-jobs/222859
02:05 - fetching https://www.kariera.gr/en/jobs/it-jobs/220065
02:05 - fetching https://www.kariera.gr/en/jobs/finance-jobs/226256
02:05 - fetching https://www.kariera.gr/en/jobs/administrative-or-secretarial-jobs/224202
02:05 - fetching https://www.kariera.gr/en/jobs/call-center-or-customer-support-jobs/220063
02:05 - fetching https://www.kariera.gr/en/jobs/administrative-or-secretarial-jobs/219934?origin=pjp
02:05 - fetching https://www.kariera.gr/en/jobs/finance-jobs/226622
02:05 - fetching https://www.kariera.gr/en/jobs/accounting-or-auditing-jobs/226579
02:05 - fetching https://www.kariera.gr/en/jobs/sales-or-business-development-or-account-management-jobs/224173
02:05 - fetching https://www.kariera.gr/en/jobs/call-center-or-customer-support-jobs/223710
02:05 - fetching https://www.kariera.gr/en/jobs/accounting-or-auditing-jobs/221453
02:05 - fetching https://www.kariera.gr/en/jobs/finance-jobs/219937?origin=pjp
02:05 - fetching https://www.kariera.gr/en/jobs/sales-or-business-development-or-account-management-jobs/226524?origin=pjp
02:05 - fetching https://www.kariera.gr/en/jobs/call-center-or-customer-support-jobs/225345
02:05 - fetching https://www.kariera.gr/en/jobs/procurement-or-supply-chain-jobs/225171
02:06 - fetching https://www.kariera.gr/en/jobs/call-center-or-customer-support-jobs/223219
02:06 - fetching https://www.kariera.gr/en/jobs/accounting-or-auditing-jobs/221453?sponsored
02:06 - fetching https://www.kariera.gr/en/jobs/it-jobs/222863
02:06 - fetching https://www.kariera.gr/en/jobs/marketing-or-advertising-jobs/222626
02:06 - fetching https://www.kariera.gr/en/jobs/it-jobs/220337
02:06 - fetching https://www.kariera.gr/en/jobs/logistics-or-warehouse-jobs/225669
02:06 - fetching https://www.kariera.gr/en/jobs/sales-or-business-development-or-account-management-jobs/224918
02:06 - fetching https://www.kariera.gr/en/jobs/call-center-or-customer-support-jobs/223642
02:06 - fetching https://www.kariera.gr/en/jobs/human-resources-jobs/223517
02:06 - fetching https://www.kariera.gr/en/jobs/administrative-or-secretarial-jobs/223426
02:06 - fetching https://www.kariera.gr/en/jobs/finance-jobs/221465
02:06 - fetching https://www.kariera.gr/en/jobs/accounting-or-auditing-jobs/225704
02:06 - fetching https://www.kariera.gr/en/jobs/it-jobs/224209
02:06 - fetching https://www.kariera.gr/en/jobs/accounting-or-auditing-jobs/224064
02:06 - fetching https://www.kariera.gr/en/jobs/accounting-or-auditing-jobs/224006
02:06 - fetching https://www.kariera.gr/en/jobs/accounting-or-auditing-jobs/224020
02:06 - fetching https://www.kariera.gr/en/jobs/consulting-jobs/223784?origin=pjp
02:06 - fetching https://www.kariera.gr/en/jobs/accounting-or-auditing-jobs/223104
02:06 - fetching https://www.kariera.gr/en/jobs/accounting-or-auditing-jobs/222430
02:06 - fetching https://www.kariera.gr/en/jobs/it-jobs/222322
02:06 - fetching https://www.kariera.gr/en/jobs/bi-or-business-analysis-jobs/221944
02:06 - fetching https://www.kariera.gr/en/jobs/it-jobs/221587
02:06 - fetching https://www.kariera.gr/en/jobs/retail-jobs/221046
02:06 - fetching https://www.kariera.gr/en/jobs/accounting-or-auditing-jobs/220671
02:06 - fetching https://www.kariera.gr/en/jobs/accounting-or-auditing-jobs/220613?origin=pjp
02:06 - fetching https://www.kariera.gr/en/jobs/accounting-or-auditing-jobs/219658
02:06 - fetching https://www.kariera.gr/en/jobs/it-jobs/223828
02:06 - fetching https://www.kariera.gr/en/jobs/it-jobs/224851
02:06 - fetching https://www.kariera.gr/en/jobs/it-jobs/222771?origin=pjp
02:06 - fetching https://www.kariera.gr/en/jobs/it-jobs/219736
02:06 - fetching https://www.kariera.gr/en/jobs/it-jobs/226037
02:06 - fetching https://www.kariera.gr/en/jobs/it-jobs/225785
02:06 - fetching https://www.kariera.gr/en/jobs/it-jobs/221034
02:06 - fetching https://www.kariera.gr/en/jobs/it-jobs/226542
02:07 - fetching https://www.kariera.gr/en/jobs/it-jobs/222311
02:07 - fetching https://www.kariera.gr/en/jobs/accounting-or-auditing-jobs/225178
02:07 - fetching https://www.kariera.gr/en/jobs/accounting-or-auditing-jobs/225689
02:07 - fetching https://www.kariera.gr/en/jobs/accounting-or-auditing-jobs/224043
02:07 - fetching https://www.kariera.gr/en/jobs/accounting-or-auditing-jobs/221203
02:07 - fetching https://www.kariera.gr/en/jobs/sales-or-business-development-or-account-management-jobs/225050
02:07 - fetching https://www.kariera.gr/en/jobs/administrative-or-secretarial-jobs/220929
02:07 - fetching https://www.kariera.gr/en/jobs/it-jobs/224261?sponsored=&origin=pjp
02:07 - fetching https://www.kariera.gr/en/jobs/sales-or-business-development-or-account-management-jobs/223380?sponsored
02:07 - fetching https://www.kariera.gr/en/jobs/accounting-or-auditing-jobs/222452?sponsored=&origin=pjp
02:07 - fetching https://www.kariera.gr/en/jobs/retail-jobs/222449?sponsored=&origin=pjp
02:07 - fetching https://www.kariera.gr/en/jobs/it-jobs/226384
02:07 - fetching https://www.kariera.gr/en/jobs/it-jobs/219673
02:07 - fetching https://www.kariera.gr/en/jobs/it-jobs/226304
02:07 - fetching https://www.kariera.gr/en/jobs/it-jobs/220255
02:07 - fetching https://www.kariera.gr/en/jobs/it-jobs/223124
02:07 - fetching https://www.kariera.gr/en/jobs/it-jobs/220792
02:07 - fetching https://www.kariera.gr/en/jobs/it-jobs/215967?origin=pjp
02:07 - fetching https://www.kariera.gr/en/jobs/bi-or-business-analysis-jobs/221243
02:07 - fetching https://www.kariera.gr/en/jobs/other-jobs/222277
02:07 - fetching https://www.kariera.gr/en/jobs/it-jobs/221328?origin=pjp
02:07 - fetching https://www.kariera.gr/en/jobs/it-jobs/220677
02:07 - fetching https://www.kariera.gr/en/jobs/it-jobs/219963
02:07 - fetching https://www.kariera.gr/en/jobs/it-jobs/225844
02:07 - fetching https://www.kariera.gr/en/jobs/medicine-or-healthcare-jobs/225134
02:07 - fetching https://www.kariera.gr/en/jobs/it-jobs/221685?origin=pjp
02:07 - fetching https://www.kariera.gr/en/jobs/it-jobs/224584
02:07 - fetching https://www.kariera.gr/en/jobs/it-jobs/222198
02:07 - fetching https://www.kariera.gr/en/jobs/it-jobs/222007?origin=pjp
02:07 - fetching https://www.kariera.gr/en/jobs/it-jobs/225156
02:07 - fetching https://www.kariera.gr/en/jobs/it-jobs/225203
02:07 - fetching https://www.kariera.gr/en/jobs/it-jobs/225711
02:08 - fetching https://www.kariera.gr/en/jobs/it-jobs/224197
02:08 - fetching https://www.kariera.gr/en/jobs/it-jobs/215971?origin=pjp
02:08 - fetching https://www.kariera.gr/en/jobs/technicians-or-service-jobs/224269?origin=pjp
02:08 - fetching https://www.kariera.gr/en/jobs/technicians-or-service-jobs/124105
02:08 - fetching https://www.kariera.gr/en/jobs/it-jobs/222294
02:08 - fetching https://www.kariera.gr/en/jobs/it-jobs/221677?origin=pjp
02:08 - fetching https://www.kariera.gr/en/jobs/it-jobs/223609
02:08 - fetching https://www.kariera.gr/en/jobs/it-jobs/220576?origin=pjp
02:08 - fetching https://www.kariera.gr/en/jobs/it-jobs/225044
02:08 - fetching https://www.kariera.gr/en/jobs/it-jobs/222791
02:08 - fetching https://www.kariera.gr/en/jobs/it-jobs/221675?origin=pjp
02:08 - fetching https://www.kariera.gr/en/jobs/it-jobs/221681?origin=pjp
02:08 - fetching https://www.kariera.gr/en/jobs/it-jobs/221682?origin=pjp
02:08 - fetching https://www.kariera.gr/en/jobs/human-resources-jobs/122629
02:08 - fetching https://www.kariera.gr/en/jobs/bi-or-business-analysis-jobs/197264?origin=pjp
02:08 - fetching https://www.kariera.gr/en/jobs/bi-or-business-analysis-jobs/181823?origin=pjp
02:08 - fetching https://www.kariera.gr/en/jobs/it-jobs/221672?origin=pjp
02:08 - fetching https://www.kariera.gr/en/jobs/bi-or-business-analysis-jobs/181818?origin=pjp
02:08 - fetching https://www.kariera.gr/en/jobs/it-jobs/215969?origin=pjp
02:08 - fetching https://www.kariera.gr/en/jobs/it-jobs/222313?origin=pjp
02:08 - fetching https://www.kariera.gr/en/jobs/it-jobs/221673?origin=pjp
02:08 - fetching https://www.kariera.gr/en/jobs/it-jobs/219611
02:08 - fetching https://www.kariera.gr/en/jobs/it-jobs/189785?origin=pjp
02:08 - fetching https://www.kariera.gr/en/jobs/it-jobs/225309
02:08 - fetching https://www.kariera.gr/en/jobs/bi-or-business-analysis-jobs/181810?origin=pjp
02:08 - fetching https://www.kariera.gr/en/jobs/it-jobs/223557
02:08 - fetching https://www.kariera.gr/en/jobs/it-jobs/221684?origin=pjp
02:08 - fetching https://www.kariera.gr/en/jobs/sales-or-business-development-or-account-management-jobs/221581
02:08 - fetching https://www.kariera.gr/en/jobs/it-jobs/225948?origin=pjp
02:08 - fetching https://www.kariera.gr/en/jobs/it-jobs/222321?sponsored=&origin=pjp
02:08 - fetching https://www.kariera.gr/en/jobs/bi-or-business-analysis-jobs/181821?origin=pjp
02:08 - fetching https://www.kariera.gr/en/jobs/it-jobs/223524
02:08 - fetching https://www.kariera.gr/en/jobs/it-jobs/215968?origin=pjp
02:09 - fetching https://www.kariera.gr/en/jobs/it-jobs/198970?origin=pjp
02:09 - fetching https://www.kariera.gr/en/jobs/it-jobs/224200
02:09 - fetching https://www.kariera.gr/en/jobs/it-jobs/222321?origin=pjp
02:09 - fetching https://www.kariera.gr/en/jobs/it-jobs/221686?origin=pjp
02:09 - fetching https://www.kariera.gr/en/jobs/it-jobs/221676?origin=pjp
02:09 - fetching https://www.kariera.gr/en/jobs/it-jobs/221433
02:09 - fetching https://www.kariera.gr/en/jobs/it-jobs/225562
02:09 - fetching https://www.kariera.gr/en/jobs/engineering-jobs/220857
02:09 - fetching https://www.kariera.gr/en/jobs/it-jobs/225033
02:09 - fetching https://www.kariera.gr/en/jobs/it-jobs/223341
02:09 - fetching https://www.kariera.gr/en/jobs/technicians-or-service-jobs/224779
02:09 - fetching https://www.kariera.gr/en/jobs/engineering-jobs/224259?origin=pjp
02:09 - fetching https://www.kariera.gr/en/jobs/it-jobs/226221
02:09 - fetching https://www.kariera.gr/en/jobs/technicians-or-service-jobs/222450
02:09 - fetching https://www.kariera.gr/en/jobs/it-jobs/221367
02:09 - fetching https://www.kariera.gr/en/jobs/it-jobs/225311
02:09 - fetching https://www.kariera.gr/en/jobs/sales-or-business-development-or-account-management-jobs/221407
02:09 - fetching https://www.kariera.gr/en/jobs/it-jobs/225797
02:09 - fetching https://www.kariera.gr/en/jobs/sales-or-business-development-or-account-management-jobs/223380
02:09 - fetching https://www.kariera.gr/en/jobs/it-jobs/220577?origin=pjp
02:09 - fetching https://www.kariera.gr/en/jobs/it-jobs/219866?origin=pjp
02:09 - fetching https://www.kariera.gr/en/jobs/call-center-or-customer-support-jobs/226556?origin=pjp
02:09 - fetching https://www.kariera.gr/en/jobs/it-jobs/225861
02:09 - fetching https://www.kariera.gr/en/jobs/administrative-or-secretarial-jobs/224303?origin=pjp
02:09 - fetching https://www.kariera.gr/en/jobs/it-jobs/222666
02:09 - fetching https://www.kariera.gr/en/jobs/it-jobs/226364
02:09 - fetching https://www.kariera.gr/en/jobs/logistics-or-warehouse-jobs/225071
02:09 - fetching https://www.kariera.gr/en/jobs/it-jobs/224261?origin=pjp
02:09 - fetching https://www.kariera.gr/en/jobs/technicians-or-service-jobs/223235
02:09 - fetching https://www.kariera.gr/en/jobs/engineering-jobs/221374?origin=pjp
02:09 - fetching https://www.kariera.gr/en/jobs/it-jobs/225190
02:09 - fetching https://www.kariera.gr/en/jobs/technicians-or-service-jobs/223263
02:09 - fetching https://www.kariera.gr/en/jobs/accounting-or-auditing-jobs/222452?origin=pjp
02:09 - fetching https://www.kariera.gr/en/jobs/it-jobs/222444
02:09 - fetching https://www.kariera.gr/en/jobs/it-jobs/221182
02:10 - fetching https://www.kariera.gr/en/jobs/it-jobs/221159
02:10 - fetching https://www.kariera.gr/en/jobs/call-center-or-customer-support-jobs/226558?origin=pjp
02:10 - fetching https://www.kariera.gr/en/jobs/it-jobs/225587
02:10 - fetching https://www.kariera.gr/en/jobs/retail-jobs/222449?origin=pjp
02:10 - fetching https://www.kariera.gr/en/jobs/it-jobs/222205
02:10 - fetching https://www.kariera.gr/en/jobs/call-center-or-customer-support-jobs/221152
02:10 - fetching https://www.kariera.gr/en/jobs/engineering-jobs/219805?sponsored=&origin=pjp
02:10 - fetching https://www.kariera.gr/en/jobs/sales-or-business-development-or-account-management-jobs/221592
02:10 - fetching https://www.kariera.gr/en/jobs/it-jobs/223808
02:10 - fetching https://www.kariera.gr/en/jobs/it-jobs/181855?origin=pjp
02:10 - fetching https://www.kariera.gr/en/jobs/it-jobs/174698?origin=pjp
02:10 - fetching https://www.kariera.gr/en/jobs/it-jobs/174284?origin=pjp
02:10 - fetching https://www.kariera.gr/en/jobs/other-jobs/186166?origin=pjp
02:10 - fetching https://www.kariera.gr/en/jobs/human-resources-jobs/220814?origin=pjp
02:10 - fetching https://www.kariera.gr/en/jobs/human-resources-jobs/220811?origin=pjp
02:10 - fetching https://www.kariera.gr/en/jobs/it-jobs/174292?origin=pjp
02:10 - fetching https://www.kariera.gr/en/jobs/call-center-or-customer-support-jobs/226289
02:10 - fetching https://www.kariera.gr/en/jobs/it-jobs/174293?origin=pjp
02:10 - fetching https://www.kariera.gr/en/jobs/it-jobs/109282
02:10 - fetching https://www.kariera.gr/en/jobs/it-jobs/181862?origin=pjp
02:10 - fetching https://www.kariera.gr/en/jobs/engineering-jobs/219805?origin=pjp
02:10 - fetching https://www.kariera.gr/en/jobs/it-jobs/220805
02:10 - fetching https://www.kariera.gr/en/jobs/engineering-jobs/226752
02:10 - fetching https://www.kariera.gr/en/jobs/it-jobs/174700?origin=pjp
02:10 - fetching https://www.kariera.gr/en/jobs/it-jobs/181854?origin=pjp
02:10 - fetching https://www.kariera.gr/en/jobs/it-jobs/181852?origin=pjp
02:10 - fetching https://www.kariera.gr/en/jobs/it-jobs/224572
02:10 - fetching https://www.kariera.gr/en/jobs/other-jobs/186164?origin=pjp
02:10 - fetching https://www.kariera.gr/en/jobs/it-jobs/173737?origin=pjp
02:10 - fetching https://www.kariera.gr/en/jobs/it-jobs/174305?origin=pjp
02:10 - fetching https://www.kariera.gr/en/jobs/it-jobs/225067?origin=pjp
02:10 - fetching https://www.kariera.gr/en/jobs/it-jobs/225615
02:10 - fetching https://www.kariera.gr/en/jobs/it-jobs/221121
02:10 - fetching https://www.kariera.gr/en/jobs/it-jobs/181865?origin=pjp
02:11 - fetching https://www.kariera.gr/en/jobs/it-jobs/162615
02:11 - fetching https://www.kariera.gr/en/jobs/human-resources-jobs/220812?origin=pjp
02:11 - fetching https://www.kariera.gr/en/jobs/it-jobs/220583
02:11 - fetching https://www.kariera.gr/en/jobs/it-jobs/225654?origin=pjp
02:11 - fetching https://www.kariera.gr/en/jobs/it-jobs/174028?origin=pjp
02:11 - fetching https://www.kariera.gr/en/jobs/it-jobs/224230?origin=pjp
02:11 - fetching https://www.kariera.gr/en/jobs/it-jobs/186168?origin=pjp
02:11 - fetching https://www.kariera.gr/en/jobs/it-jobs/192334?origin=pjp
02:11 - fetching https://www.kariera.gr/en/jobs/it-jobs/226280?origin=pjp
02:11 - fetching https://www.kariera.gr/en/jobs/it-jobs/174030?origin=pjp
02:11 - fetching https://www.kariera.gr/en/jobs/it-jobs/222019
02:11 - fetching https://www.kariera.gr/en/jobs/consulting-jobs/220905
02:11 - fetching https://www.kariera.gr/en/jobs/it-jobs/109264
02:11 - fetching https://www.kariera.gr/en/jobs/it-jobs/181863?origin=pjp
02:11 - fetching https://www.kariera.gr/en/jobs/it-jobs/181853?origin=pjp
02:11 - fetching https://www.kariera.gr/en/jobs/other-jobs/186163?origin=pjp
02:11 - fetching https://www.kariera.gr/en/jobs/administrative-or-secretarial-jobs/224583
02:11 - fetching https://www.kariera.gr/en/jobs/it-jobs/226051
02:11 - fetching https://www.kariera.gr/en/jobs/finance-jobs/222181?origin=pjp
02:11 - fetching https://www.kariera.gr/en/jobs/operations-jobs/224481?origin=pjp
02:11 - fetching https://www.kariera.gr/en/jobs/engineering-jobs/222184
02:11 - fetching https://www.kariera.gr/en/jobs/it-jobs/226532
02:11 - fetching https://www.kariera.gr/en/jobs/it-jobs/226045
02:11 - fetching https://www.kariera.gr/en/jobs/it-jobs/224940
02:11 - fetching https://www.kariera.gr/en/jobs/it-jobs/223399
02:11 - fetching https://www.kariera.gr/en/jobs/it-jobs/220505
02:11 - fetching https://www.kariera.gr/en/jobs/administrative-or-secretarial-jobs/219725
02:11 - fetching https://www.kariera.gr/en/jobs/finance-jobs/223456?origin=pjp
02:11 - fetching https://www.kariera.gr/en/jobs/it-jobs/222914?origin=pjp
02:11 - fetching https://www.kariera.gr/en/jobs/it-jobs/226046
02:11 - fetching https://www.kariera.gr/en/jobs/human-resources-jobs/224728?origin=pjp
02:11 - fetching https://www.kariera.gr/en/jobs/administrative-or-secretarial-jobs/223638
02:11 - fetching https://www.kariera.gr/en/jobs/human-resources-jobs/221386?origin=pjp
02:12 - fetching https://www.kariera.gr/en/jobs/accounting-or-auditing-jobs/226555?origin=pjp
02:12 - fetching https://www.kariera.gr/en/jobs/it-jobs/225910?origin=pjp
02:12 - fetching https://www.kariera.gr/en/jobs/it-jobs/221212
02:12 - fetching https://www.kariera.gr/en/jobs/accounting-or-auditing-jobs/225732
02:12 - fetching https://www.kariera.gr/en/jobs/it-jobs/165499
02:12 - fetching https://www.kariera.gr/en/jobs/consulting-jobs/221175?origin=pjp
02:12 - fetched 260 job ads
02:12 - operation completed in 7  minutes and 51 seconds
